Build started 23-02-2018 17:20:08.
     1>Project "S:\nitish_shingde\flappy_bird\flappy_bird\flappy_bird.vcxproj" on node 2 (Build target(s)).
     1>ClCompile:
         C:\Program Files (x86)\Microsoft Visual Studio 12.0\VC\bin\CL.exe /c /I"C:\Program Files (x86)\Visual Leak Detector\VLD\include" /Zi /nologo /W3 /WX- /sdl /O2 /Oi /Oy- /GL /D WIN32 /D NDEBUG /D _CONSOLE /D _LIB /D _UNICODE /D UNICODE /Gm- /EHsc /MD /GS /Gy /fp:precise /Zc:wchar_t /Zc:forScope /Fo"Release\\" /Fd"Release\vc120.pdb" /Gd /TP /analyze- /errorReport:prompt Brick.cpp Button.cpp CommandManager.cpp CreateState.cpp Engine.cpp Event.cpp EventManager.cpp ExitState.cpp flappy_bird.cpp GameObject.cpp GameState.cpp InputManager.cpp JoinState.cpp Listener.cpp CommandEvent.cpp MainMenuState.cpp Player.cpp PlayState.cpp Render.cpp InputEvent.cpp StateManager.cpp Texture.cpp TextureManager.cpp Timer.cpp UDPConnectionManager.cpp Vector2D.cpp Window.cpp World.cpp
         Brick.cpp
     1>s:\nitish_shingde\flappy_bird\flappy_bird\Texture.h(5): fatal error C1083: Cannot open include file: 'SDL.h': No such file or directory
         Button.cpp
     1>s:\nitish_shingde\flappy_bird\flappy_bird\InputEvent.h(6): fatal error C1083: Cannot open include file: 'SDL.h': No such file or directory
         CommandManager.cpp
     1>s:\nitish_shingde\flappy_bird\flappy_bird\EventManager.h(6): fatal error C1083: Cannot open include file: 'SDL.h': No such file or directory
         CreateState.cpp
     1>s:\nitish_shingde\flappy_bird\flappy_bird\InputEvent.h(6): fatal error C1083: Cannot open include file: 'SDL.h': No such file or directory
         Engine.cpp
     1>s:\nitish_shingde\flappy_bird\flappy_bird\Window.h(6): fatal error C1083: Cannot open include file: 'SDL.h': No such file or directory
         Event.cpp
         EventManager.cpp
     1>s:\nitish_shingde\flappy_bird\flappy_bird\EventManager.h(6): fatal error C1083: Cannot open include file: 'SDL.h': No such file or directory
         ExitState.cpp
     1>s:\nitish_shingde\flappy_bird\flappy_bird\Window.h(6): fatal error C1083: Cannot open include file: 'SDL.h': No such file or directory
         flappy_bird.cpp
     1>s:\nitish_shingde\flappy_bird\flappy_bird\Window.h(6): fatal error C1083: Cannot open include file: 'SDL.h': No such file or directory
         GameObject.cpp
     1>s:\nitish_shingde\flappy_bird\flappy_bird\Texture.h(5): fatal error C1083: Cannot open include file: 'SDL.h': No such file or directory
         GameState.cpp
         InputManager.cpp
     1>s:\nitish_shingde\flappy_bird\flappy_bird\InputManager.h(6): fatal error C1083: Cannot open include file: 'SDL.h': No such file or directory
         JoinState.cpp
     1>s:\nitish_shingde\flappy_bird\flappy_bird\Texture.h(5): fatal error C1083: Cannot open include file: 'SDL.h': No such file or directory
         Listener.cpp
         CommandEvent.cpp
     1>s:\nitish_shingde\flappy_bird\flappy_bird\CommandEvent.h(7): fatal error C1083: Cannot open include file: 'SDL_net.h': No such file or directory
         MainMenuState.cpp
     1>s:\nitish_shingde\flappy_bird\flappy_bird\InputEvent.h(6): fatal error C1083: Cannot open include file: 'SDL.h': No such file or directory
         Player.cpp
     1>s:\nitish_shingde\flappy_bird\flappy_bird\Texture.h(5): fatal error C1083: Cannot open include file: 'SDL.h': No such file or directory
         PlayState.cpp
     1>s:\nitish_shingde\flappy_bird\flappy_bird\Window.h(6): fatal error C1083: Cannot open include file: 'SDL.h': No such file or directory
         Render.cpp
     1>s:\nitish_shingde\flappy_bird\flappy_bird\Render.h(6): fatal error C1083: Cannot open include file: 'SDL.h': No such file or directory
         InputEvent.cpp
     1>s:\nitish_shingde\flappy_bird\flappy_bird\InputEvent.h(6): fatal error C1083: Cannot open include file: 'SDL.h': No such file or directory
         Compiling...
         StateManager.cpp
     1>s:\nitish_shingde\flappy_bird\flappy_bird\InputEvent.h(6): fatal error C1083: Cannot open include file: 'SDL.h': No such file or directory
         Texture.cpp
     1>s:\nitish_shingde\flappy_bird\flappy_bird\Texture.h(5): fatal error C1083: Cannot open include file: 'SDL.h': No such file or directory
         TextureManager.cpp
     1>s:\nitish_shingde\flappy_bird\flappy_bird\TextureManager.h(6): fatal error C1083: Cannot open include file: 'SDL.h': No such file or directory
         Timer.cpp
     1>s:\nitish_shingde\flappy_bird\flappy_bird\Timer.h(6): fatal error C1083: Cannot open include file: 'SDL.h': No such file or directory
         UDPConnectionManager.cpp
     1>s:\nitish_shingde\flappy_bird\flappy_bird\UDPConnectionManager.h(6): fatal error C1083: Cannot open include file: 'SDL_net.h': No such file or directory
         Vector2D.cpp
     1>Vector2D.cpp(51): warning C4552: '+' : operator has no effect; expected operator with side-effect
         Window.cpp
     1>s:\nitish_shingde\flappy_bird\flappy_bird\Window.h(6): fatal error C1083: Cannot open include file: 'SDL.h': No such file or directory
         World.cpp
     1>s:\nitish_shingde\flappy_bird\flappy_bird\Texture.h(5): fatal error C1083: Cannot open include file: 'SDL.h': No such file or directory
     1>Done Building Project "S:\nitish_shingde\flappy_bird\flappy_bird\flappy_bird.vcxproj" (Build target(s)) -- FAILED.

Build FAILED.

Time Elapsed 00:00:01.93
